::1 - - [08/Jun/2019:15:57:22 +0000] "GET / HTTP/1.1" 304 - "-" "Mozilla/5.0 (X11; Linux x86_64) AppleWebKit/537.36 (KHTML, like Gecko) Chrome/67.0.3396.62 Safari/537.36"
::1 - - [08/Jun/2019:15:57:22 +0000] "GET /swagger-ui-init.js HTTP/1.1" 200 14501 "http://localhost:3000/" "Mozilla/5.0 (X11; Linux x86_64) AppleWebKit/537.36 (KHTML, like Gecko) Chrome/67.0.3396.62 Safari/537.36"
::1 - - [08/Jun/2019:15:57:22 +0000] "GET /swagger-ui-bundle.js HTTP/1.1" 200 946694 "http://localhost:3000/" "Mozilla/5.0 (X11; Linux x86_64) AppleWebKit/537.36 (KHTML, like Gecko) Chrome/67.0.3396.62 Safari/537.36"
::1 - - [08/Jun/2019:15:57:22 +0000] "GET /swagger-ui.css HTTP/1.1" 200 154006 "http://localhost:3000/" "Mozilla/5.0 (X11; Linux x86_64) AppleWebKit/537.36 (KHTML, like Gecko) Chrome/67.0.3396.62 Safari/537.36"
::1 - - [08/Jun/2019:15:57:22 +0000] "GET /swagger-ui-standalone-preset.js HTTP/1.1" 200 329586 "http://localhost:3000/" "Mozilla/5.0 (X11; Linux x86_64) AppleWebKit/537.36 (KHTML, like Gecko) Chrome/67.0.3396.62 Safari/537.36"
::1 - - [08/Jun/2019:15:58:13 +0000] "GET / HTTP/1.1" 304 - "-" "Mozilla/5.0 (X11; Linux x86_64) AppleWebKit/537.36 (KHTML, like Gecko) Chrome/67.0.3396.62 Safari/537.36"
::1 - - [08/Jun/2019:15:58:13 +0000] "GET /swagger-ui.css HTTP/1.1" 304 - "http://localhost:3000/" "Mozilla/5.0 (X11; Linux x86_64) AppleWebKit/537.36 (KHTML, like Gecko) Chrome/67.0.3396.62 Safari/537.36"
::1 - - [08/Jun/2019:15:58:13 +0000] "GET /swagger-ui-bundle.js HTTP/1.1" 304 - "http://localhost:3000/" "Mozilla/5.0 (X11; Linux x86_64) AppleWebKit/537.36 (KHTML, like Gecko) Chrome/67.0.3396.62 Safari/537.36"
::1 - - [08/Jun/2019:15:58:13 +0000] "GET /swagger-ui-standalone-preset.js HTTP/1.1" 304 - "http://localhost:3000/" "Mozilla/5.0 (X11; Linux x86_64) AppleWebKit/537.36 (KHTML, like Gecko) Chrome/67.0.3396.62 Safari/537.36"
::1 - - [08/Jun/2019:15:58:13 +0000] "GET /swagger-ui-init.js HTTP/1.1" 200 14501 "http://localhost:3000/" "Mozilla/5.0 (X11; Linux x86_64) AppleWebKit/537.36 (KHTML, like Gecko) Chrome/67.0.3396.62 Safari/537.36"
::1 - - [08/Jun/2019:15:58:17 +0000] "GET / HTTP/1.1" 200 3113 "-" "Mozilla/5.0 (X11; Linux x86_64) AppleWebKit/537.36 (KHTML, like Gecko) Ubuntu Chromium/73.0.3683.86 Chrome/73.0.3683.86 Safari/537.36"
::1 - - [08/Jun/2019:15:58:17 +0000] "GET /swagger-ui-init.js HTTP/1.1" 200 14501 "http://localhost:3000/" "Mozilla/5.0 (X11; Linux x86_64) AppleWebKit/537.36 (KHTML, like Gecko) Ubuntu Chromium/73.0.3683.86 Chrome/73.0.3683.86 Safari/537.36"
::1 - - [08/Jun/2019:15:58:17 +0000] "GET /swagger-ui.css HTTP/1.1" 200 154006 "http://localhost:3000/" "Mozilla/5.0 (X11; Linux x86_64) AppleWebKit/537.36 (KHTML, like Gecko) Ubuntu Chromium/73.0.3683.86 Chrome/73.0.3683.86 Safari/537.36"
::1 - - [08/Jun/2019:15:58:17 +0000] "GET /swagger-ui-standalone-preset.js HTTP/1.1" 200 329586 "http://localhost:3000/" "Mozilla/5.0 (X11; Linux x86_64) AppleWebKit/537.36 (KHTML, like Gecko) Ubuntu Chromium/73.0.3683.86 Chrome/73.0.3683.86 Safari/537.36"
::1 - - [08/Jun/2019:15:58:17 +0000] "GET /swagger-ui-bundle.js HTTP/1.1" 200 946694 "http://localhost:3000/" "Mozilla/5.0 (X11; Linux x86_64) AppleWebKit/537.36 (KHTML, like Gecko) Ubuntu Chromium/73.0.3683.86 Chrome/73.0.3683.86 Safari/537.36"
::1 - - [08/Jun/2019:15:58:18 +0000] "GET /favicon-32x32.png HTTP/1.1" 200 628 "http://localhost:3000/" "Mozilla/5.0 (X11; Linux x86_64) AppleWebKit/537.36 (KHTML, like Gecko) Ubuntu Chromium/73.0.3683.86 Chrome/73.0.3683.86 Safari/537.36"
::1 - - [08/Jun/2019:15:58:23 +0000] "POST /api/v1/auth/login HTTP/1.1" 500 26 "http://localhost:3000/" "Mozilla/5.0 (X11; Linux x86_64) AppleWebKit/537.36 (KHTML, like Gecko) Chrome/67.0.3396.62 Safari/537.36"
::1 - - [08/Jun/2019:15:58:50 +0000] "POST /api/v1/auth/login HTTP/1.1" 500 26 "http://localhost:3000/" "Mozilla/5.0 (X11; Linux x86_64) AppleWebKit/537.36 (KHTML, like Gecko) Chrome/67.0.3396.62 Safari/537.36"
::1 - - [08/Jun/2019:15:59:17 +0000] "POST /api/v1/auth/register HTTP/1.1" 500 119 "http://localhost:3000/" "Mozilla/5.0 (X11; Linux x86_64) AppleWebKit/537.36 (KHTML, like Gecko) Chrome/67.0.3396.62 Safari/537.36"
::1 - - [08/Jun/2019:16:00:01 +0000] "POST /api/v1/auth/login HTTP/1.1" 500 26 "http://localhost:3000/" "Mozilla/5.0 (X11; Linux x86_64) AppleWebKit/537.36 (KHTML, like Gecko) Chrome/67.0.3396.62 Safari/537.36"
::1 - - [08/Jun/2019:16:04:46 +0000] "POST /api/v1/auth/login HTTP/1.1" 500 26 "http://localhost:3000/" "Mozilla/5.0 (X11; Linux x86_64) AppleWebKit/537.36 (KHTML, like Gecko) Chrome/67.0.3396.62 Safari/537.36"
::1 - - [08/Jun/2019:16:05:24 +0000] "POST /api/v1/auth/login HTTP/1.1" 500 26 "http://localhost:3000/" "Mozilla/5.0 (X11; Linux x86_64) AppleWebKit/537.36 (KHTML, like Gecko) Chrome/67.0.3396.62 Safari/537.36"
::1 - - [08/Jun/2019:16:07:25 +0000] "POST /api/v1/auth/login HTTP/1.1" 500 51 "http://localhost:3000/" "Mozilla/5.0 (X11; Linux x86_64) AppleWebKit/537.36 (KHTML, like Gecko) Chrome/67.0.3396.62 Safari/537.36"
::1 - - [08/Jun/2019:16:08:07 +0000] "POST /api/v1/auth/login HTTP/1.1" 500 51 "http://localhost:3000/" "Mozilla/5.0 (X11; Linux x86_64) AppleWebKit/537.36 (KHTML, like Gecko) Chrome/67.0.3396.62 Safari/537.36"
::1 - - [08/Jun/2019:16:08:08 +0000] "POST /api/v1/auth/login HTTP/1.1" 500 51 "http://localhost:3000/" "Mozilla/5.0 (X11; Linux x86_64) AppleWebKit/537.36 (KHTML, like Gecko) Chrome/67.0.3396.62 Safari/537.36"
::1 - - [08/Jun/2019:16:08:45 +0000] "POST /api/v1/auth/login HTTP/1.1" 500 26 "http://localhost:3000/" "Mozilla/5.0 (X11; Linux x86_64) AppleWebKit/537.36 (KHTML, like Gecko) Chrome/67.0.3396.62 Safari/537.36"
::1 - - [08/Jun/2019:16:09:24 +0000] "POST /api/v1/auth/login HTTP/1.1" 500 51 "http://localhost:3000/" "Mozilla/5.0 (X11; Linux x86_64) AppleWebKit/537.36 (KHTML, like Gecko) Ubuntu Chromium/73.0.3683.86 Chrome/73.0.3683.86 Safari/537.36"
::1 - - [08/Jun/2019:16:11:04 +0000] "POST /api/v1/auth/register HTTP/1.1" 500 48 "http://localhost:3000/" "Mozilla/5.0 (X11; Linux x86_64) AppleWebKit/537.36 (KHTML, like Gecko) Ubuntu Chromium/73.0.3683.86 Chrome/73.0.3683.86 Safari/537.36"
::1 - - [08/Jun/2019:16:11:19 +0000] "POST /api/v1/auth/register HTTP/1.1" 500 119 "http://localhost:3000/" "Mozilla/5.0 (X11; Linux x86_64) AppleWebKit/537.36 (KHTML, like Gecko) Ubuntu Chromium/73.0.3683.86 Chrome/73.0.3683.86 Safari/537.36"
::1 - - [08/Jun/2019:16:11:34 +0000] "POST /api/v1/auth/register HTTP/1.1" 500 48 "http://localhost:3000/" "Mozilla/5.0 (X11; Linux x86_64) AppleWebKit/537.36 (KHTML, like Gecko) Ubuntu Chromium/73.0.3683.86 Chrome/73.0.3683.86 Safari/537.36"
::1 - - [08/Jun/2019:16:13:20 +0000] "POST /api/v1/auth/register HTTP/1.1" 500 48 "http://localhost:3000/" "Mozilla/5.0 (X11; Linux x86_64) AppleWebKit/537.36 (KHTML, like Gecko) Ubuntu Chromium/73.0.3683.86 Chrome/73.0.3683.86 Safari/537.36"
::1 - - [08/Jun/2019:16:14:34 +0000] "POST /api/v1/auth/login HTTP/1.1" 500 26 "http://localhost:3000/" "Mozilla/5.0 (X11; Linux x86_64) AppleWebKit/537.36 (KHTML, like Gecko) Chrome/67.0.3396.62 Safari/537.36"
::1 - - [08/Jun/2019:16:14:45 +0000] "POST /api/v1/auth/register HTTP/1.1" 500 48 "http://localhost:3000/" "Mozilla/5.0 (X11; Linux x86_64) AppleWebKit/537.36 (KHTML, like Gecko) Chrome/67.0.3396.62 Safari/537.36"
::1 - - [08/Jun/2019:16:24:32 +0000] "GET / HTTP/1.1" 304 - "-" "Mozilla/5.0 (X11; Linux x86_64) AppleWebKit/537.36 (KHTML, like Gecko) Chrome/67.0.3396.62 Safari/537.36"
::1 - - [08/Jun/2019:16:24:32 +0000] "GET /swagger-ui-init.js HTTP/1.1" 304 - "http://localhost:3000/" "Mozilla/5.0 (X11; Linux x86_64) AppleWebKit/537.36 (KHTML, like Gecko) Chrome/67.0.3396.62 Safari/537.36"
::1 - - [08/Jun/2019:16:24:32 +0000] "GET /swagger-ui.css HTTP/1.1" 304 - "http://localhost:3000/" "Mozilla/5.0 (X11; Linux x86_64) AppleWebKit/537.36 (KHTML, like Gecko) Chrome/67.0.3396.62 Safari/537.36"
::1 - - [08/Jun/2019:16:24:32 +0000] "GET /swagger-ui-bundle.js HTTP/1.1" 304 - "http://localhost:3000/" "Mozilla/5.0 (X11; Linux x86_64) AppleWebKit/537.36 (KHTML, like Gecko) Chrome/67.0.3396.62 Safari/537.36"
::1 - - [08/Jun/2019:16:24:32 +0000] "GET /swagger-ui-standalone-preset.js HTTP/1.1" 304 - "http://localhost:3000/" "Mozilla/5.0 (X11; Linux x86_64) AppleWebKit/537.36 (KHTML, like Gecko) Chrome/67.0.3396.62 Safari/537.36"
::1 - - [08/Jun/2019:16:24:42 +0000] "POST /api/v1/auth/register HTTP/1.1" 500 119 "http://localhost:3000/" "Mozilla/5.0 (X11; Linux x86_64) AppleWebKit/537.36 (KHTML, like Gecko) Chrome/67.0.3396.62 Safari/537.36"
::1 - - [08/Jun/2019:16:25:06 +0000] "POST /api/v1/auth/register HTTP/1.1" 201 2 "http://localhost:3000/" "Mozilla/5.0 (X11; Linux x86_64) AppleWebKit/537.36 (KHTML, like Gecko) Chrome/67.0.3396.62 Safari/537.36"
::1 - - [08/Jun/2019:16:25:20 +0000] "POST /api/v1/auth/login HTTP/1.1" 500 26 "http://localhost:3000/" "Mozilla/5.0 (X11; Linux x86_64) AppleWebKit/537.36 (KHTML, like Gecko) Ubuntu Chromium/73.0.3683.86 Chrome/73.0.3683.86 Safari/537.36"
::1 - - [08/Jun/2019:16:25:44 +0000] "GET / HTTP/1.1" 304 - "-" "Mozilla/5.0 (X11; Linux x86_64) AppleWebKit/537.36 (KHTML, like Gecko) Chrome/67.0.3396.62 Safari/537.36"
::1 - - [08/Jun/2019:16:25:44 +0000] "GET /swagger-ui-init.js HTTP/1.1" 304 - "http://localhost:3000/" "Mozilla/5.0 (X11; Linux x86_64) AppleWebKit/537.36 (KHTML, like Gecko) Chrome/67.0.3396.62 Safari/537.36"
::1 - - [08/Jun/2019:16:25:44 +0000] "GET /swagger-ui.css HTTP/1.1" 304 - "http://localhost:3000/" "Mozilla/5.0 (X11; Linux x86_64) AppleWebKit/537.36 (KHTML, like Gecko) Chrome/67.0.3396.62 Safari/537.36"
::1 - - [08/Jun/2019:16:25:44 +0000] "GET /swagger-ui-bundle.js HTTP/1.1" 304 - "http://localhost:3000/" "Mozilla/5.0 (X11; Linux x86_64) AppleWebKit/537.36 (KHTML, like Gecko) Chrome/67.0.3396.62 Safari/537.36"
::1 - - [08/Jun/2019:16:25:44 +0000] "GET /swagger-ui-standalone-preset.js HTTP/1.1" 304 - "http://localhost:3000/" "Mozilla/5.0 (X11; Linux x86_64) AppleWebKit/537.36 (KHTML, like Gecko) Chrome/67.0.3396.62 Safari/537.36"
::1 - - [08/Jun/2019:16:25:45 +0000] "GET /favicon-32x32.png HTTP/1.1" 200 628 "http://localhost:3000/" "Mozilla/5.0 (X11; Linux x86_64) AppleWebKit/537.36 (KHTML, like Gecko) Chrome/67.0.3396.62 Safari/537.36"
::1 - - [08/Jun/2019:16:25:45 +0000] "GET /favicon-16x16.png HTTP/1.1" 200 665 "http://localhost:3000/" "Mozilla/5.0 (X11; Linux x86_64) AppleWebKit/537.36 (KHTML, like Gecko) Chrome/67.0.3396.62 Safari/537.36"
::1 - - [08/Jun/2019:16:26:13 +0000] "POST /api/v1/auth/register HTTP/1.1" 201 2 "http://localhost:3000/" "Mozilla/5.0 (X11; Linux x86_64) AppleWebKit/537.36 (KHTML, like Gecko) Ubuntu Chromium/73.0.3683.86 Chrome/73.0.3683.86 Safari/537.36"
::1 - - [08/Jun/2019:16:26:56 +0000] "GET / HTTP/1.1" 304 - "-" "Mozilla/5.0 (X11; Linux x86_64) AppleWebKit/537.36 (KHTML, like Gecko) Chrome/67.0.3396.62 Safari/537.36"
::1 - - [08/Jun/2019:16:26:56 +0000] "GET /swagger-ui-init.js HTTP/1.1" 304 - "http://localhost:3000/" "Mozilla/5.0 (X11; Linux x86_64) AppleWebKit/537.36 (KHTML, like Gecko) Chrome/67.0.3396.62 Safari/537.36"
::1 - - [08/Jun/2019:16:26:56 +0000] "GET /swagger-ui.css HTTP/1.1" 304 - "http://localhost:3000/" "Mozilla/5.0 (X11; Linux x86_64) AppleWebKit/537.36 (KHTML, like Gecko) Chrome/67.0.3396.62 Safari/537.36"
::1 - - [08/Jun/2019:16:26:56 +0000] "GET /swagger-ui-bundle.js HTTP/1.1" 304 - "http://localhost:3000/" "Mozilla/5.0 (X11; Linux x86_64) AppleWebKit/537.36 (KHTML, like Gecko) Chrome/67.0.3396.62 Safari/537.36"
::1 - - [08/Jun/2019:16:26:56 +0000] "GET /swagger-ui-standalone-preset.js HTTP/1.1" 304 - "http://localhost:3000/" "Mozilla/5.0 (X11; Linux x86_64) AppleWebKit/537.36 (KHTML, like Gecko) Chrome/67.0.3396.62 Safari/537.36"
::1 - - [08/Jun/2019:16:26:57 +0000] "GET /favicon-32x32.png HTTP/1.1" 304 - "http://localhost:3000/" "Mozilla/5.0 (X11; Linux x86_64) AppleWebKit/537.36 (KHTML, like Gecko) Chrome/67.0.3396.62 Safari/537.36"
::1 - - [08/Jun/2019:16:26:57 +0000] "GET /favicon-16x16.png HTTP/1.1" 304 - "http://localhost:3000/" "Mozilla/5.0 (X11; Linux x86_64) AppleWebKit/537.36 (KHTML, like Gecko) Chrome/67.0.3396.62 Safari/537.36"
::1 - - [08/Jun/2019:16:27:08 +0000] "POST /api/v1/auth/register HTTP/1.1" 201 2 "http://localhost:3000/" "Mozilla/5.0 (X11; Linux x86_64) AppleWebKit/537.36 (KHTML, like Gecko) Chrome/67.0.3396.62 Safari/537.36"
::1 - - [08/Jun/2019:16:30:09 +0000] "POST /api/v1/auth/register HTTP/1.1" 201 2 "http://localhost:3000/" "Mozilla/5.0 (X11; Linux x86_64) AppleWebKit/537.36 (KHTML, like Gecko) Chrome/67.0.3396.62 Safari/537.36"
::1 - - [08/Jun/2019:16:39:32 +0000] "POST /api/v1/auth/register HTTP/1.1" 201 2 "http://localhost:3000/" "Mozilla/5.0 (X11; Linux x86_64) AppleWebKit/537.36 (KHTML, like Gecko) Chrome/67.0.3396.62 Safari/537.36"
::1 - - [08/Jun/2019:16:40:39 +0000] "POST /api/v1/auth/register HTTP/1.1" 201 2 "http://localhost:3000/" "Mozilla/5.0 (X11; Linux x86_64) AppleWebKit/537.36 (KHTML, like Gecko) Chrome/67.0.3396.62 Safari/537.36"
::1 - - [08/Jun/2019:17:11:27 +0000] "POST /api/v1/auth/register HTTP/1.1" 201 2 "http://localhost:3000/" "Mozilla/5.0 (X11; Linux x86_64) AppleWebKit/537.36 (KHTML, like Gecko) Ubuntu Chromium/73.0.3683.86 Chrome/73.0.3683.86 Safari/537.36"
::1 - - [08/Jun/2019:17:12:22 +0000] "POST /api/v1/auth/register HTTP/1.1" 201 197 "http://localhost:3000/" "Mozilla/5.0 (X11; Linux x86_64) AppleWebKit/537.36 (KHTML, like Gecko) Ubuntu Chromium/73.0.3683.86 Chrome/73.0.3683.86 Safari/537.36"
::1 - - [08/Jun/2019:17:12:31 +0000] "POST /api/v1/auth/login HTTP/1.1" 500 26 "http://localhost:3000/" "Mozilla/5.0 (X11; Linux x86_64) AppleWebKit/537.36 (KHTML, like Gecko) Ubuntu Chromium/73.0.3683.86 Chrome/73.0.3683.86 Safari/537.36"
::1 - - [08/Jun/2019:17:14:04 +0000] "POST /api/v1/auth/login HTTP/1.1" 200 197 "http://localhost:3000/" "Mozilla/5.0 (X11; Linux x86_64) AppleWebKit/537.36 (KHTML, like Gecko) Ubuntu Chromium/73.0.3683.86 Chrome/73.0.3683.86 Safari/537.36"
::1 - - [08/Jun/2019:17:14:44 +0000] "POST /api/v1/auth/login HTTP/1.1" 200 197 "http://localhost:3000/" "Mozilla/5.0 (X11; Linux x86_64) AppleWebKit/537.36 (KHTML, like Gecko) Ubuntu Chromium/73.0.3683.86 Chrome/73.0.3683.86 Safari/537.36"
::1 - - [08/Jun/2019:17:14:56 +0000] "GET /api/v1/users HTTP/1.1" 200 310 "http://localhost:3000/" "Mozilla/5.0 (X11; Linux x86_64) AppleWebKit/537.36 (KHTML, like Gecko) Ubuntu Chromium/73.0.3683.86 Chrome/73.0.3683.86 Safari/537.36"
::ffff:127.0.0.1 - - [14/Jun/2019:11:00:37 +0000] "POST /api/v1/auth/register HTTP/1.1" 201 200 "-" "node-superagent/3.8.3"
::ffff:127.0.0.1 - - [14/Jun/2019:11:00:37 +0000] "POST /api/v1/auth/login HTTP/1.1" 200 200 "-" "node-superagent/3.8.3"
::ffff:127.0.0.1 - - [14/Jun/2019:11:00:37 +0000] "GET /api/v1/users HTTP/1.1" 403 32 "-" "node-superagent/3.8.3"
::ffff:127.0.0.1 - - [14/Jun/2019:11:00:37 +0000] "GET /api/v1/users HTTP/1.1" 200 312 "-" "node-superagent/3.8.3"
